2026-03-02 22:05:20,179 - Bought 7 shares of AAPL
2026-03-02 22:11:49,887 - Bought 7 shares of AAPL
2026-03-02 22:18:52,866 - Bought 7 shares of AAPL
2026-03-02 22:21:26,671 - Bought 7 shares of AAPL
2026-03-02 22:21:41,611 - Bought 7 shares of AAPL
2026-03-21 20:34:08,197 - AAPL snapshot: close=247.99 | prediction=11.10 | signal=short
2026-03-21 20:34:08,225 - Dry run requested; no orders will be submitted.
2026-03-21 20:43:05,443 - AAPL snapshot: close=247.99 | prediction=43.58 | signal=short
2026-03-21 20:43:05,454 - Execution phase: Trading logic would go here.
2026-03-21 20:46:17,877 - Fetching 1 year(s) of data for ['AAPL', 'MSFT', 'GOOGL', 'AMZN', 'TSLA']...
2026-03-21 20:46:37,477 - Fetching 1 year(s) of data for ['AAPL', 'MSFT', 'GOOGL', 'AMZN', 'TSLA'] using IEX feed...
2026-03-21 20:46:41,415 - Training data saved to training_data.csv
2026-03-21 20:49:01,040 - Epoch [10/100], Loss: 37372.2578
2026-03-21 20:49:01,057 - Epoch [20/100], Loss: 15517.8604
2026-03-21 20:49:01,071 - Epoch [30/100], Loss: 3034.0664
2026-03-21 20:49:01,086 - Epoch [40/100], Loss: 158.7634
2026-03-21 20:49:01,100 - Epoch [50/100], Loss: 655.1602
2026-03-21 20:49:01,114 - Epoch [60/100], Loss: 319.7815
2026-03-21 20:49:01,127 - Epoch [70/100], Loss: 153.6085
2026-03-21 20:49:01,140 - Epoch [80/100], Loss: 177.1646
2026-03-21 20:49:01,153 - Epoch [90/100], Loss: 159.5632
2026-03-21 20:49:01,164 - Epoch [100/100], Loss: 152.9732
2026-03-21 20:49:01,191 - Model saved to model.pth
2026-03-21 20:50:04,804 - Epoch [10/100], Loss: 68232.8984
2026-03-21 20:50:04,824 - Epoch [20/100], Loss: 21441.9902
2026-03-21 20:50:04,838 - Epoch [30/100], Loss: 2668.8694
2026-03-21 20:50:04,843 - Epoch [40/100], Loss: 352.5586
2026-03-21 20:50:04,849 - Epoch [50/100], Loss: 1041.4230
2026-03-21 20:50:04,857 - Epoch [60/100], Loss: 505.4229
2026-03-21 20:50:04,867 - Epoch [70/100], Loss: 212.4416
2026-03-21 20:50:04,877 - Epoch [80/100], Loss: 236.0899
2026-03-21 20:50:04,882 - Epoch [90/100], Loss: 224.2687
2026-03-21 20:50:04,887 - Epoch [100/100], Loss: 208.3123
2026-03-21 20:50:04,900 - Model saved to model.pth
2026-03-21 20:51:11,543 - Model loaded from model.pth
2026-03-21 20:51:11,555 - AAPL snapshot: close=247.99 | prediction=252.60 | signal=long
2026-03-21 20:51:11,566 - Dry run requested; no orders will be submitted.
2026-03-21 20:53:56,727 - Model loaded from model.pth
2026-03-21 20:53:56,738 - AAPL snapshot: close=247.99 | prediction=252.60 | signal=long
2026-03-21 20:53:56,747 - Executing trade for AAPL based on signal: long
2026-03-21 20:53:56,747 - Submitting OrderSide.BUY order for 1 share(s) of AAPL...
2026-03-21 20:54:00,290 - Order submitted successfully. Order ID: b3b5ebf5-9bdf-4f03-b2ed-e99f0fbfca2b
2026-03-21 20:54:00,292 - Execution phase complete.
2026-03-21 21:07:24,422 - Starting LSTM training on cpu...
2026-03-21 21:07:27,325 - Epoch [10/100], Loss: 108380.0625
2026-03-21 21:07:30,072 - Epoch [20/100], Loss: 107496.1406
2026-03-21 21:07:32,908 - Epoch [30/100], Loss: 106543.2500
2026-03-21 21:07:36,043 - Epoch [40/100], Loss: 105709.6797
2026-03-21 21:07:39,343 - Epoch [50/100], Loss: 105002.4062
2026-03-21 21:07:42,452 - Epoch [60/100], Loss: 104363.1172
2026-03-21 21:07:45,515 - Epoch [70/100], Loss: 103789.7656
2026-03-21 21:07:49,212 - Epoch [80/100], Loss: 103263.3516
2026-03-21 21:07:52,534 - Epoch [90/100], Loss: 102765.2578
2026-03-21 21:07:55,868 - Epoch [100/100], Loss: 102287.3359
2026-03-21 21:07:55,890 - Model saved to model_lstm.pth
[2026-03-21 21:10:14] Starting continuous trading loop for AAPL (Interval: 5s)
[2026-03-21 21:10:14] --- Iteration 1 Starting ---
[2026-03-21 21:10:15] Error in main.py: Traceback (most recent call last):
  File "C:\Users\fredd\OneDrive - University of Exeter\trading_lab\main.py", line 16, in <module>
    from config import API_KEY, SECRET_KEY, DEFAULT_SYMBOL, FAST_MA, SLOW_MA
ImportError: cannot import name 'DEFAULT_SYMBOL' from 'config' (C:\Users\fredd\OneDrive - University of Exeter\trading_lab\config.py)

[2026-03-21 21:10:15] Iteration 1 complete. Sleeping for 5 seconds...
[2026-03-21 21:10:20] --- Iteration 2 Starting ---
[2026-03-21 21:10:20] Error in main.py: Traceback (most recent call last):
  File "C:\Users\fredd\OneDrive - University of Exeter\trading_lab\main.py", line 16, in <module>
    from config import API_KEY, SECRET_KEY, DEFAULT_SYMBOL, FAST_MA, SLOW_MA
ImportError: cannot import name 'DEFAULT_SYMBOL' from 'config' (C:\Users\fredd\OneDrive - University of Exeter\trading_lab\config.py)

[2026-03-21 21:10:20] Reached requested iteration limit. Stopping.
[2026-03-21 21:13:48] Starting continuous trading loop for AAPL (Interval: 2s)
[2026-03-21 21:13:48] --- Iteration 1 Starting ---
[2026-03-21 21:13:56] Starter script terminated with error: No data returned for AAPL.
[2026-03-21 21:13:56] Reached requested iteration limit. Stopping.
[2026-03-21 21:15:00] Starting continuous trading loop for AAPL (Interval: 2s)
[2026-03-21 21:15:00] --- Iteration 1 Starting ---
[2026-03-21 21:15:06] Starter script terminated with error: No data returned for AAPL.
[2026-03-21 21:15:07] Reached requested iteration limit. Stopping.
[2026-03-21 21:16:38] Starter script terminated with error: No data returned for AAPL.
[2026-03-22 16:38:28] Fetching 365 days of training data for 30 symbols...
[2026-03-22 16:38:28] -> Downloading AAPL...
[2026-03-22 16:38:30] -> Downloading MSFT...
[2026-03-22 16:38:31] -> Downloading AMZN...
[2026-03-22 16:38:32] -> Downloading NVDA...
[2026-03-22 16:38:32] -> Downloading GOOGL...
[2026-03-22 16:38:33] -> Downloading META...
[2026-03-22 16:38:34] -> Downloading TSLA...
[2026-03-22 16:38:34] -> Downloading AVGO...
[2026-03-22 16:38:35] -> Downloading PEP...
[2026-03-22 16:38:36] -> Downloading COST...
[2026-03-22 16:38:37] -> Downloading ADBE...
[2026-03-22 16:38:37] -> Downloading CSCO...
[2026-03-22 16:38:38] -> Downloading NFLX...
[2026-03-22 16:38:39] -> Downloading TMUS...
[2026-03-22 16:38:39] -> Downloading AMD...
[2026-03-22 16:38:40] -> Downloading QCOM...
[2026-03-22 16:38:41] -> Downloading INTC...
[2026-03-22 16:38:41] -> Downloading AMGN...
[2026-03-22 16:38:42] -> Downloading HON...
[2026-03-22 16:38:43] -> Downloading TXN...
[2026-03-22 16:38:43] -> Downloading AMAT...
[2026-03-22 16:38:44] -> Downloading BKNG...
[2026-03-22 16:38:45] -> Downloading ISRG...
[2026-03-22 16:38:45] -> Downloading ADI...
[2026-03-22 16:38:46] -> Downloading MU...
[2026-03-22 16:38:46] -> Downloading PANW...
[2026-03-22 16:38:47] -> Downloading VRTX...
[2026-03-22 16:38:48] -> Downloading REGN...
[2026-03-22 16:38:48] -> Downloading PYPL...
[2026-03-22 16:38:49] -> Downloading FISV...
[2026-03-22 16:38:50] Successfully saved combined training data to training_data.csv (7500 total rows)
[2026-03-22 16:41:24] Starting LSTM training on cpu...
[2026-03-22 16:41:48] Epoch [10/100], Loss: 1039252.4375
[2026-03-22 16:42:09] Epoch [20/100], Loss: 1037656.6250
[2026-03-22 16:42:28] Epoch [30/100], Loss: 1036159.8750
[2026-03-22 16:42:47] Starter script terminated with error: No data returned for AAPL.
[2026-03-22 16:42:50] Epoch [40/100], Loss: 1034895.5000
[2026-03-22 16:43:10] Epoch [50/100], Loss: 1033873.5000
[2026-03-22 16:43:28] Epoch [60/100], Loss: 1032955.8750
[2026-03-22 16:43:45] Epoch [70/100], Loss: 1032142.8125
[2026-03-22 16:44:00] Epoch [80/100], Loss: 1031384.8750
[2026-03-22 16:44:15] Epoch [90/100], Loss: 1030655.8125
[2026-03-22 16:44:34] Epoch [100/100], Loss: 1029953.0625
[2026-03-22 16:44:34] Model saved to model_lstm.pth
